<?xml version="1.0" encoding="UTF-8"?>
<testsuite name="com.bridgelabz.addressbook.AddressBookMainTest" tests="1" skipped="0" failures="0" errors="0" timestamp="2020-10-16T15:17:36" hostname="LAPTOP-RGI87V6B" time="0.095">
  <properties/>
  <testcase name="given3Contacts_whenReadSuccessfullyFromJsonFile_shouldReturnTotalsContactSize" classname="com.bridgelabz.addressbook.AddressBookMainTest" time="0.095"/>
  <system-out><![CDATA[]]></system-out>
  <system-err><![CDATA[]]></system-err>
</testsuite>
