<?xml version="1.0" encoding="UTF-8"?>
<testsuite name="com.bridgelabz.addressbook.AddressBookMainTest" tests="1" skipped="0" failures="0" errors="0" timestamp="2020-10-16T12:42:52" hostname="LAPTOP-RGI87V6B" time="0.037">
  <properties/>
  <testcase name="given3Contacts_whenReadSuccessfullyFromCSVFile_shouldReturnTotalsContactSize" classname="com.bridgelabz.addressbook.AddressBookMainTest" time="0.037"/>
  <system-out><![CDATA[]]></system-out>
  <system-err><![CDATA[]]></system-err>
</testsuite>
