<?xml version="1.0" encoding="UTF-8"?>
<testsuite name="com.bridgelabz.addressbook.AddressBookMainTest" tests="1" skipped="0" failures="0" errors="0" timestamp="2020-11-01T04:04:00" hostname="LAPTOP-RGI87V6B" time="0.242">
  <properties/>
  <testcase name="given3Contacts_whenReadSuccessfullyFromJsonFile_shouldReturnTotalsContactSize" classname="com.bridgelabz.addressbook.AddressBookMainTest" time="0.242"/>
  <system-out><![CDATA[[Contact{firstname='a', lastname='a', address='a', city='mumbai', state='maharashtra', zip='400088', number='1234567890', email='a@gmail.com'}, Contact{firstname='b', lastname='b', address='b', city='pune', state='maharashtra', zip='400001', number='1234567890', email='b@gmail.com'}, Contact{firstname='c', lastname='c', address='c', city='mumbai', state='maharashtra', zip='400022', number='1234567890', email='c@gmail.com'}]
]]></system-out>
  <system-err><![CDATA[]]></system-err>
</testsuite>
